<?xml version="1.0" encoding="UTF-8"?>
<!-- Generated by org.testng.reporters.JUnitXMLReporter -->
<testsuite ignored="0" hostname="ES-LPT448" failures="0" tests="3" name="HRMS API Tests" time="51.115" errors="0" timestamp="2024-03-02T22:21:32 EET">
  <testcase classname="Api.RestGpt.Login2" name="testPostResource" time="2.17"/>
  <testcase classname="Api.RestGpt.Login2" name="testGetResource" time="3.099"/>
  <testcase classname="Api.RestGpt.Login2" name="testLogout" time="0.247"/>
</testsuite> <!-- HRMS API Tests -->
