<?xml version="1.0" encoding="UTF-8"?>
<!-- Generated by org.testng.reporters.JUnitXMLReporter -->
<testsuite ignored="0" hostname="ES-LPT448" failures="1" tests="1" name="Test" time="2.987" errors="0" timestamp="2024-03-02T20:31:00 EET">
  <testcase classname="Api.RestGpt.Login2" name="testPostResource" time="2.271">
    <failure type="java.lang.AssertionError" message="Value for key &amp;apos;MsgFooter.token&amp;apos; is null">
      <![CDATA[java.lang.AssertionError: Value for key 'MsgFooter.token' is null
at Api.RestGpt.ApiResponseValidator.validateKeyIsNotNull(ApiResponseValidator.java:631)
at Api.RestGpt.Login2.testPostResource(Login2.java:40)
at java.base/java.util.ArrayList.forEach(ArrayList.java:1541)
... Removed 27 stack frames]]>
    </failure>
  </testcase> <!-- testPostResource -->
</testsuite> <!-- Test -->
